@94114928567240 %14 = load i32, i32* %11, align 4        | Bad: 32 Good: 0 Total: 32 Percentage: 100.00%
@94114928574264 %21 = load i32, i32* %12, align 4        | Bad: 32 Good: 0 Total: 32 Percentage: 100.00%
@94114928566928 %28 = add nsw i32 %20, %27               | Bad: 32 Good: 0 Total: 32 Percentage: 100.00%
@94114928574488 %35 = load i32, i32* %13, align 4        | Bad: 32 Good: 0 Total: 32 Percentage: 100.00%
@94114928566816 %42 = add nsw i32 %41, 1                 | Bad: 32 Good: 0 Total: 32 Percentage: 100.00%
@94114928574872 %49 = load i32, i32* %13, align 4        | Bad: 28 Good: 4 Total: 32 Percentage: 87.50%
@94114928575192 %59 = load i32, i32* %13, align 4        | Bad: 32 Good: 0 Total: 32 Percentage: 100.00%
@94114928575288 %66 = load i32, i32* %11, align 4        | Bad: 32 Good: 0 Total: 32 Percentage: 100.00%
@94114927799168 %73 = mul nsw i32 %65, %72               | Bad: 31 Good: 1 Total: 32 Percentage: 96.88%
@94114928575512 %80 = load i32, i32* %13, align 4        | Bad: 31 Good: 1 Total: 32 Percentage: 96.88%
@94114928575608 %87 = load i32, i32* %12, align 4        | Bad: 32 Good: 0 Total: 32 Percentage: 100.00%
@94114928566560 %94 = sdiv i32 %86, %93                  | Bad: 32 Good: 0 Total: 32 Percentage: 100.00%
@94114928575992 %101 = load i32, i32* %11, align 4       | Bad: 1 Good: 31 Total: 32 Percentage: 3.12%
@94114928567664 %108 = srem i32 %107, 2                  | Bad: 1 Good: 31 Total: 32 Percentage: 3.12%
@94114928576088 %117 = load i32, i32* %13, align 4       | Bad: 0 Good: 32 Total: 32 Percentage: 0.00%
@94114928576184 %124 = load i32, i32* %11, align 4       | Bad: 0 Good: 32 Total: 32 Percentage: 0.00%
@94114928576304 %131 = add nsw i32 %123, %130            | Bad: 0 Good: 32 Total: 32 Percentage: 0.00%
@94114928576392 %138 = load i32, i32* %12, align 4       | Bad: 0 Good: 32 Total: 32 Percentage: 0.00%
@94114928576512 %145 = add nsw i32 %137, %144            | Bad: 0 Good: 32 Total: 32 Percentage: 0.00%
@94114928576824 %153 = load i32, i32* %13, align 4       | Bad: 32 Good: 0 Total: 32 Percentage: 100.00%
